{
  "/Users/lloyd/Desktop/dev/travel-buddy/src/components/AddChecklistItem.tsx": {
    "path": "/Users/lloyd/Desktop/dev/travel-buddy/src/components/AddChecklistItem.tsx",
    "all": false,
    "statementMap": {
      "9": { "start": { "line": 10, "column": 0 }, "end": { "line": 10, "column": 2 } },
      "11": { "start": { "line": 12, "column": 0 }, "end": { "line": 12, "column": 34 } },
      "12": { "start": { "line": 13, "column": 0 }, "end": { "line": 13, "column": 13 } },
      "13": { "start": { "line": 14, "column": 0 }, "end": { "line": 14, "column": 11 } },
      "14": { "start": { "line": 15, "column": 0 }, "end": { "line": 15, "column": 12 } },
      "15": { "start": { "line": 16, "column": 0 }, "end": { "line": 16, "column": 8 } },
      "16": { "start": { "line": 17, "column": 0 }, "end": { "line": 17, "column": 12 } },
      "17": { "start": { "line": 18, "column": 0 }, "end": { "line": 18, "column": 30 } },
      "18": { "start": { "line": 19, "column": 0 }, "end": { "line": 19, "column": 10 } },
      "19": { "start": { "line": 20, "column": 0 }, "end": { "line": 20, "column": 9 } },
      "20": { "start": { "line": 21, "column": 0 }, "end": { "line": 21, "column": 12 } },
      "21": { "start": { "line": 22, "column": 0 }, "end": { "line": 22, "column": 32 } },
      "22": { "start": { "line": 23, "column": 0 }, "end": { "line": 23, "column": 38 } },
      "23": { "start": { "line": 24, "column": 0 }, "end": { "line": 24, "column": 19 } },
      "24": { "start": { "line": 25, "column": 0 }, "end": { "line": 25, "column": 26 } },
      "25": { "start": { "line": 26, "column": 0 }, "end": { "line": 26, "column": 27 } },
      "26": { "start": { "line": 27, "column": 0 }, "end": { "line": 27, "column": 29 } },
      "27": { "start": { "line": 28, "column": 0 }, "end": { "line": 28, "column": 8 } },
      "28": { "start": { "line": 29, "column": 0 }, "end": { "line": 29, "column": 13 } },
      "29": { "start": { "line": 30, "column": 0 }, "end": { "line": 30, "column": 42 } },
      "30": { "start": { "line": 31, "column": 0 }, "end": { "line": 31, "column": 23 } },
      "31": { "start": { "line": 32, "column": 0 }, "end": { "line": 32, "column": 50 } },
      "33": { "start": { "line": 34, "column": 0 }, "end": { "line": 34, "column": 41 } },
      "34": { "start": { "line": 35, "column": 0 }, "end": { "line": 35, "column": 15 } },
      "35": { "start": { "line": 36, "column": 0 }, "end": { "line": 36, "column": 10 } },
      "37": { "start": { "line": 38, "column": 0 }, "end": { "line": 38, "column": 2 } },
      "39": { "start": { "line": 40, "column": 0 }, "end": { "line": 40, "column": 32 } }
    },
    "s": {
      "9": 1,
      "11": 1,
      "12": 12,
      "13": 12,
      "14": 12,
      "15": 12,
      "16": 12,
      "17": 12,
      "18": 12,
      "19": 12,
      "20": 12,
      "21": 12,
      "22": 12,
      "23": 12,
      "24": 12,
      "25": 12,
      "26": 12,
      "27": 12,
      "28": 12,
      "29": 12,
      "30": 12,
      "31": 12,
      "33": 12,
      "34": 12,
      "35": 12,
      "37": 12,
      "39": 1
    },
    "branchMap": {
      "0": {
        "type": "branch",
        "line": 12,
        "loc": { "start": { "line": 12, "column": 32 }, "end": { "line": 38, "column": 2 } },
        "locations": [{ "start": { "line": 12, "column": 32 }, "end": { "line": 38, "column": 2 } }]
      },
      "1": {
        "type": "branch",
        "line": 32,
        "loc": { "start": { "line": 32, "column": 35 }, "end": { "line": 32, "column": 50 } },
        "locations": [
          { "start": { "line": 32, "column": 35 }, "end": { "line": 32, "column": 50 } }
        ]
      },
      "2": {
        "type": "branch",
        "line": 34,
        "loc": { "start": { "line": 34, "column": 9 }, "end": { "line": 34, "column": 35 } },
        "locations": [{ "start": { "line": 34, "column": 9 }, "end": { "line": 34, "column": 35 } }]
      },
      "3": {
        "type": "branch",
        "line": 34,
        "loc": { "start": { "line": 34, "column": 21 }, "end": { "line": 34, "column": 41 } },
        "locations": [
          { "start": { "line": 34, "column": 21 }, "end": { "line": 34, "column": 41 } }
        ]
      }
    },
    "b": { "0": [12], "1": [8], "2": [1], "3": [11] },
    "fnMap": {
      "0": {
        "name": "AddChecklistItem",
        "decl": { "start": { "line": 12, "column": 32 }, "end": { "line": 38, "column": 2 } },
        "loc": { "start": { "line": 12, "column": 32 }, "end": { "line": 38, "column": 2 } },
        "line": 12
      }
    },
    "f": { "0": 12 }
  },
  "/Users/lloyd/Desktop/dev/travel-buddy/src/components/CheckListItem.tsx": {
    "path": "/Users/lloyd/Desktop/dev/travel-buddy/src/components/CheckListItem.tsx",
    "all": false,
    "statementMap": {
      "6": { "start": { "line": 7, "column": 0 }, "end": { "line": 7, "column": 64 } },
      "7": { "start": { "line": 8, "column": 0 }, "end": { "line": 8, "column": 10 } },
      "8": { "start": { "line": 9, "column": 0 }, "end": { "line": 9, "column": 43 } },
      "9": { "start": { "line": 10, "column": 0 }, "end": { "line": 10, "column": 29 } },
      "10": { "start": { "line": 11, "column": 0 }, "end": { "line": 11, "column": 9 } },
      "12": { "start": { "line": 13, "column": 0 }, "end": { "line": 13, "column": 2 } },
      "13": { "start": { "line": 14, "column": 0 }, "end": { "line": 14, "column": 29 } }
    },
    "s": { "6": 1, "7": 13, "8": 13, "9": 13, "10": 13, "12": 13, "13": 1 },
    "branchMap": {
      "0": {
        "type": "branch",
        "line": 7,
        "loc": { "start": { "line": 7, "column": 29 }, "end": { "line": 13, "column": 2 } },
        "locations": [{ "start": { "line": 7, "column": 29 }, "end": { "line": 13, "column": 2 } }]
      }
    },
    "b": { "0": [13] },
    "fnMap": {
      "0": {
        "name": "CheckListItem",
        "decl": { "start": { "line": 7, "column": 29 }, "end": { "line": 13, "column": 2 } },
        "loc": { "start": { "line": 7, "column": 29 }, "end": { "line": 13, "column": 2 } },
        "line": 7
      }
    },
    "f": { "0": 13 }
  },
  "/Users/lloyd/Desktop/dev/travel-buddy/src/hooks/useCheckListInput.ts": {
    "path": "/Users/lloyd/Desktop/dev/travel-buddy/src/hooks/useCheckListInput.ts",
    "all": false,
    "statementMap": {
      "1": { "start": { "line": 2, "column": 0 }, "end": { "line": 2, "column": 61 } },
      "3": { "start": { "line": 4, "column": 0 }, "end": { "line": 4, "column": 67 } },
      "4": { "start": { "line": 5, "column": 0 }, "end": { "line": 5, "column": 51 } },
      "6": { "start": { "line": 7, "column": 0 }, "end": { "line": 7, "column": 66 } },
      "7": { "start": { "line": 8, "column": 0 }, "end": { "line": 8, "column": 38 } },
      "8": { "start": { "line": 9, "column": 0 }, "end": { "line": 9, "column": 4 } },
      "10": { "start": { "line": 11, "column": 0 }, "end": { "line": 11, "column": 69 } },
      "11": { "start": { "line": 12, "column": 0 }, "end": { "line": 12, "column": 53 } },
      "12": { "start": { "line": 13, "column": 0 }, "end": { "line": 13, "column": 18 } },
      "13": { "start": { "line": 14, "column": 0 }, "end": { "line": 14, "column": 5 } },
      "14": { "start": { "line": 15, "column": 0 }, "end": { "line": 15, "column": 4 } },
      "16": { "start": { "line": 17, "column": 0 }, "end": { "line": 17, "column": 27 } },
      "17": { "start": { "line": 18, "column": 0 }, "end": { "line": 18, "column": 38 } },
      "18": { "start": { "line": 19, "column": 0 }, "end": { "line": 19, "column": 18 } },
      "19": { "start": { "line": 20, "column": 0 }, "end": { "line": 20, "column": 21 } },
      "20": { "start": { "line": 21, "column": 0 }, "end": { "line": 21, "column": 24 } },
      "21": { "start": { "line": 22, "column": 0 }, "end": { "line": 22, "column": 5 } },
      "22": { "start": { "line": 23, "column": 0 }, "end": { "line": 23, "column": 4 } },
      "24": { "start": { "line": 25, "column": 0 }, "end": { "line": 25, "column": 10 } },
      "25": { "start": { "line": 26, "column": 0 }, "end": { "line": 26, "column": 15 } },
      "26": { "start": { "line": 27, "column": 0 }, "end": { "line": 27, "column": 17 } },
      "27": { "start": { "line": 28, "column": 0 }, "end": { "line": 28, "column": 18 } },
      "28": { "start": { "line": 29, "column": 0 }, "end": { "line": 29, "column": 14 } },
      "29": { "start": { "line": 30, "column": 0 }, "end": { "line": 30, "column": 18 } },
      "30": { "start": { "line": 31, "column": 0 }, "end": { "line": 31, "column": 4 } },
      "31": { "start": { "line": 32, "column": 0 }, "end": { "line": 32, "column": 1 } }
    },
    "s": {
      "1": 1,
      "3": 1,
      "4": 13,
      "6": 13,
      "7": 8,
      "8": 8,
      "10": 13,
      "11": 8,
      "12": 0,
      "13": 0,
      "14": 8,
      "16": 13,
      "17": 1,
      "18": 1,
      "19": 1,
      "20": 1,
      "21": 1,
      "22": 1,
      "24": 13,
      "25": 13,
      "26": 13,
      "27": 13,
      "28": 13,
      "29": 13,
      "30": 13,
      "31": 13
    },
    "branchMap": {
      "0": {
        "type": "branch",
        "line": 4,
        "loc": { "start": { "line": 4, "column": 7 }, "end": { "line": 32, "column": 1 } },
        "locations": [{ "start": { "line": 4, "column": 7 }, "end": { "line": 32, "column": 1 } }]
      },
      "1": {
        "type": "branch",
        "line": 7,
        "loc": { "start": { "line": 7, "column": 23 }, "end": { "line": 9, "column": 4 } },
        "locations": [{ "start": { "line": 7, "column": 23 }, "end": { "line": 9, "column": 4 } }]
      },
      "2": {
        "type": "branch",
        "line": 11,
        "loc": { "start": { "line": 11, "column": 24 }, "end": { "line": 15, "column": 4 } },
        "locations": [{ "start": { "line": 11, "column": 24 }, "end": { "line": 15, "column": 4 } }]
      },
      "3": {
        "type": "branch",
        "line": 12,
        "loc": { "start": { "line": 12, "column": 22 }, "end": { "line": 12, "column": 52 } },
        "locations": [
          { "start": { "line": 12, "column": 22 }, "end": { "line": 12, "column": 52 } }
        ]
      },
      "4": {
        "type": "branch",
        "line": 12,
        "loc": { "start": { "line": 12, "column": 52 }, "end": { "line": 14, "column": 5 } },
        "locations": [{ "start": { "line": 12, "column": 52 }, "end": { "line": 14, "column": 5 } }]
      },
      "5": {
        "type": "branch",
        "line": 17,
        "loc": { "start": { "line": 17, "column": 20 }, "end": { "line": 23, "column": 4 } },
        "locations": [{ "start": { "line": 17, "column": 20 }, "end": { "line": 23, "column": 4 } }]
      }
    },
    "b": { "0": [13], "1": [8], "2": [8], "3": [0], "4": [0], "5": [1] },
    "fnMap": {
      "0": {
        "name": "useChecklistInput",
        "decl": { "start": { "line": 4, "column": 7 }, "end": { "line": 32, "column": 1 } },
        "loc": { "start": { "line": 4, "column": 7 }, "end": { "line": 32, "column": 1 } },
        "line": 4
      },
      "1": {
        "name": "handleChange",
        "decl": { "start": { "line": 7, "column": 23 }, "end": { "line": 9, "column": 4 } },
        "loc": { "start": { "line": 7, "column": 23 }, "end": { "line": 9, "column": 4 } },
        "line": 7
      },
      "2": {
        "name": "handleKeyDown",
        "decl": { "start": { "line": 11, "column": 24 }, "end": { "line": 15, "column": 4 } },
        "loc": { "start": { "line": 11, "column": 24 }, "end": { "line": 15, "column": 4 } },
        "line": 11
      },
      "3": {
        "name": "handleAdd",
        "decl": { "start": { "line": 17, "column": 20 }, "end": { "line": 23, "column": 4 } },
        "loc": { "start": { "line": 17, "column": 20 }, "end": { "line": 23, "column": 4 } },
        "line": 17
      }
    },
    "f": { "0": 13, "1": 8, "2": 8, "3": 1 }
  },
  "/Users/lloyd/Desktop/dev/travel-buddy/src/hooks/useChecklist.ts": {
    "path": "/Users/lloyd/Desktop/dev/travel-buddy/src/hooks/useChecklist.ts",
    "all": false,
    "statementMap": {
      "0": { "start": { "line": 1, "column": 0 }, "end": { "line": 1, "column": 59 } },
      "1": { "start": { "line": 2, "column": 0 }, "end": { "line": 2, "column": 66 } },
      "4": { "start": { "line": 5, "column": 0 }, "end": { "line": 5, "column": 32 } },
      "5": { "start": { "line": 6, "column": 0 }, "end": { "line": 6, "column": 69 } },
      "6": { "start": { "line": 7, "column": 0 }, "end": { "line": 7, "column": 55 } },
      "7": { "start": { "line": 8, "column": 0 }, "end": { "line": 8, "column": 51 } },
      "9": { "start": { "line": 10, "column": 0 }, "end": { "line": 10, "column": 19 } },
      "10": { "start": { "line": 11, "column": 0 }, "end": { "line": 11, "column": 40 } },
      "11": { "start": { "line": 12, "column": 0 }, "end": { "line": 12, "column": 40 } },
      "12": { "start": { "line": 13, "column": 0 }, "end": { "line": 13, "column": 17 } },
      "13": { "start": { "line": 14, "column": 0 }, "end": { "line": 14, "column": 27 } },
      "14": { "start": { "line": 15, "column": 0 }, "end": { "line": 15, "column": 7 } },
      "15": { "start": { "line": 16, "column": 0 }, "end": { "line": 16, "column": 26 } },
      "16": { "start": { "line": 17, "column": 0 }, "end": { "line": 17, "column": 6 } },
      "17": { "start": { "line": 18, "column": 0 }, "end": { "line": 18, "column": 21 } },
      "18": { "start": { "line": 19, "column": 0 }, "end": { "line": 19, "column": 9 } },
      "20": { "start": { "line": 21, "column": 0 }, "end": { "line": 21, "column": 44 } },
      "21": { "start": { "line": 22, "column": 0 }, "end": { "line": 22, "column": 27 } },
      "22": { "start": { "line": 23, "column": 0 }, "end": { "line": 23, "column": 27 } },
      "23": { "start": { "line": 24, "column": 0 }, "end": { "line": 24, "column": 50 } },
      "24": { "start": { "line": 25, "column": 0 }, "end": { "line": 25, "column": 12 } },
      "25": { "start": { "line": 26, "column": 0 }, "end": { "line": 26, "column": 6 } },
      "27": { "start": { "line": 28, "column": 0 }, "end": { "line": 28, "column": 9 } },
      "28": { "start": { "line": 29, "column": 0 }, "end": { "line": 29, "column": 54 } },
      "30": { "start": { "line": 31, "column": 0 }, "end": { "line": 31, "column": 43 } },
      "31": { "start": { "line": 32, "column": 0 }, "end": { "line": 32, "column": 20 } },
      "32": { "start": { "line": 33, "column": 0 }, "end": { "line": 33, "column": 31 } },
      "33": { "start": { "line": 34, "column": 0 }, "end": { "line": 34, "column": 32 } },
      "34": { "start": { "line": 35, "column": 0 }, "end": { "line": 35, "column": 11 } },
      "35": { "start": { "line": 36, "column": 0 }, "end": { "line": 36, "column": 7 } },
      "36": { "start": { "line": 37, "column": 0 }, "end": { "line": 37, "column": 19 } },
      "37": { "start": { "line": 38, "column": 0 }, "end": { "line": 38, "column": 48 } },
      "38": { "start": { "line": 39, "column": 0 }, "end": { "line": 39, "column": 5 } },
      "39": { "start": { "line": 40, "column": 0 }, "end": { "line": 40, "column": 4 } },
      "41": { "start": { "line": 42, "column": 0 }, "end": { "line": 42, "column": 54 } },
      "42": { "start": { "line": 43, "column": 0 }, "end": { "line": 43, "column": 1 } }
    },
    "s": {
      "0": 1,
      "1": 1,
      "4": 1,
      "5": 13,
      "6": 13,
      "7": 13,
      "9": 13,
      "10": 1,
      "11": 1,
      "12": 1,
      "13": 1,
      "14": 1,
      "15": 1,
      "16": 1,
      "17": 1,
      "18": 13,
      "20": 13,
      "21": 1,
      "22": 1,
      "23": 1,
      "24": 1,
      "25": 1,
      "27": 1,
      "28": 1,
      "30": 1,
      "31": 1,
      "32": 1,
      "33": 1,
      "34": 1,
      "35": 1,
      "36": 1,
      "37": 0,
      "38": 0,
      "39": 1,
      "41": 13,
      "42": 13
    },
    "branchMap": {
      "0": {
        "type": "branch",
        "line": 5,
        "loc": { "start": { "line": 5, "column": 7 }, "end": { "line": 43, "column": 1 } },
        "locations": [{ "start": { "line": 5, "column": 7 }, "end": { "line": 43, "column": 1 } }]
      },
      "1": {
        "type": "branch",
        "line": 10,
        "loc": { "start": { "line": 10, "column": 12 }, "end": { "line": 19, "column": 5 } },
        "locations": [{ "start": { "line": 10, "column": 12 }, "end": { "line": 19, "column": 5 } }]
      },
      "2": {
        "type": "branch",
        "line": 11,
        "loc": { "start": { "line": 11, "column": 27 }, "end": { "line": 17, "column": 6 } },
        "locations": [{ "start": { "line": 11, "column": 27 }, "end": { "line": 17, "column": 6 } }]
      },
      "3": {
        "type": "branch",
        "line": 21,
        "loc": { "start": { "line": 21, "column": 18 }, "end": { "line": 40, "column": 4 } },
        "locations": [{ "start": { "line": 21, "column": 18 }, "end": { "line": 40, "column": 4 } }]
      },
      "4": {
        "type": "branch",
        "line": 22,
        "loc": { "start": { "line": 22, "column": 20 }, "end": { "line": 22, "column": 27 } },
        "locations": [
          { "start": { "line": 22, "column": 20 }, "end": { "line": 22, "column": 27 } }
        ]
      },
      "5": {
        "type": "branch",
        "line": 37,
        "loc": { "start": { "line": 37, "column": 4 }, "end": { "line": 39, "column": 5 } },
        "locations": [{ "start": { "line": 37, "column": 4 }, "end": { "line": 39, "column": 5 } }]
      },
      "6": {
        "type": "branch",
        "line": 33,
        "loc": { "start": { "line": 33, "column": 24 }, "end": { "line": 35, "column": 9 } },
        "locations": [{ "start": { "line": 33, "column": 24 }, "end": { "line": 35, "column": 9 } }]
      }
    },
    "b": { "0": [13], "1": [1], "2": [1], "3": [1], "4": [0], "5": [0], "6": [1] },
    "fnMap": {
      "0": {
        "name": "useChecklist",
        "decl": { "start": { "line": 5, "column": 7 }, "end": { "line": 43, "column": 1 } },
        "loc": { "start": { "line": 5, "column": 7 }, "end": { "line": 43, "column": 1 } },
        "line": 5
      },
      "1": {
        "name": "fetchCheckList",
        "decl": { "start": { "line": 11, "column": 27 }, "end": { "line": 17, "column": 6 } },
        "loc": { "start": { "line": 11, "column": 27 }, "end": { "line": 17, "column": 6 } },
        "line": 11
      },
      "2": {
        "name": "addItem",
        "decl": { "start": { "line": 21, "column": 18 }, "end": { "line": 40, "column": 4 } },
        "loc": { "start": { "line": 21, "column": 18 }, "end": { "line": 40, "column": 4 } },
        "line": 21
      }
    },
    "f": { "0": 13, "1": 1, "2": 1 }
  },
  "/Users/lloyd/Desktop/dev/travel-buddy/src/pages/CheckListBuilderPage.tsx": {
    "path": "/Users/lloyd/Desktop/dev/travel-buddy/src/pages/CheckListBuilderPage.tsx",
    "all": false,
    "statementMap": {
      "0": { "start": { "line": 1, "column": 0 }, "end": { "line": 1, "column": 53 } },
      "1": { "start": { "line": 2, "column": 0 }, "end": { "line": 2, "column": 56 } },
      "2": { "start": { "line": 3, "column": 0 }, "end": { "line": 3, "column": 62 } },
      "3": { "start": { "line": 4, "column": 0 }, "end": { "line": 4, "column": 63 } },
      "4": { "start": { "line": 5, "column": 0 }, "end": { "line": 5, "column": 43 } },
      "5": { "start": { "line": 6, "column": 0 }, "end": { "line": 6, "column": 70 } },
      "6": { "start": { "line": 7, "column": 0 }, "end": { "line": 7, "column": 64 } },
      "7": { "start": { "line": 8, "column": 0 }, "end": { "line": 8, "column": 31 } },
      "9": { "start": { "line": 10, "column": 0 }, "end": { "line": 10, "column": 32 } },
      "10": { "start": { "line": 11, "column": 0 }, "end": { "line": 11, "column": 78 } },
      "11": { "start": { "line": 12, "column": 0 }, "end": { "line": 12, "column": 3 } },
      "13": { "start": { "line": 14, "column": 0 }, "end": { "line": 14, "column": 10 } },
      "14": { "start": { "line": 15, "column": 0 }, "end": { "line": 15, "column": 6 } },
      "15": { "start": { "line": 16, "column": 0 }, "end": { "line": 16, "column": 34 } },
      "16": { "start": { "line": 17, "column": 0 }, "end": { "line": 17, "column": 66 } },
      "17": { "start": { "line": 18, "column": 0 }, "end": { "line": 18, "column": 66 } },
      "19": { "start": { "line": 20, "column": 0 }, "end": { "line": 20, "column": 13 } },
      "20": { "start": { "line": 21, "column": 0 }, "end": { "line": 21, "column": 12 } },
      "21": { "start": { "line": 22, "column": 0 }, "end": { "line": 22, "column": 27 } },
      "22": { "start": { "line": 23, "column": 0 }, "end": { "line": 23, "column": 35 } },
      "23": { "start": { "line": 24, "column": 0 }, "end": { "line": 24, "column": 33 } },
      "24": { "start": { "line": 25, "column": 0 }, "end": { "line": 25, "column": 29 } },
      "25": { "start": { "line": 26, "column": 0 }, "end": { "line": 26, "column": 35 } },
      "26": { "start": { "line": 27, "column": 0 }, "end": { "line": 27, "column": 37 } },
      "27": { "start": { "line": 28, "column": 0 }, "end": { "line": 28, "column": 12 } },
      "28": { "start": { "line": 29, "column": 0 }, "end": { "line": 29, "column": 41 } },
      "29": { "start": { "line": 30, "column": 0 }, "end": { "line": 30, "column": 13 } },
      "30": { "start": { "line": 31, "column": 0 }, "end": { "line": 31, "column": 40 } },
      "31": { "start": { "line": 32, "column": 0 }, "end": { "line": 32, "column": 53 } },
      "32": { "start": { "line": 33, "column": 0 }, "end": { "line": 33, "column": 11 } },
      "33": { "start": { "line": 34, "column": 0 }, "end": { "line": 34, "column": 11 } },
      "34": { "start": { "line": 35, "column": 0 }, "end": { "line": 35, "column": 7 } },
      "36": { "start": { "line": 37, "column": 0 }, "end": { "line": 37, "column": 2 } },
      "38": { "start": { "line": 39, "column": 0 }, "end": { "line": 39, "column": 36 } }
    },
    "s": {
      "0": 1,
      "1": 1,
      "2": 1,
      "3": 1,
      "4": 1,
      "5": 13,
      "6": 13,
      "7": 13,
      "9": 13,
      "10": 1,
      "11": 1,
      "13": 12,
      "14": 12,
      "15": 12,
      "16": 12,
      "17": 12,
      "19": 12,
      "20": 12,
      "21": 12,
      "22": 12,
      "23": 12,
      "24": 12,
      "25": 12,
      "26": 12,
      "27": 12,
      "28": 12,
      "29": 12,
      "30": 12,
      "31": 13,
      "32": 12,
      "33": 12,
      "34": 12,
      "36": 12,
      "38": 1
    },
    "branchMap": {
      "0": {
        "type": "branch",
        "line": 5,
        "loc": { "start": { "line": 5, "column": 36 }, "end": { "line": 37, "column": 2 } },
        "locations": [{ "start": { "line": 5, "column": 36 }, "end": { "line": 37, "column": 2 } }]
      },
      "1": {
        "type": "branch",
        "line": 10,
        "loc": { "start": { "line": 10, "column": 6 }, "end": { "line": 10, "column": 31 } },
        "locations": [{ "start": { "line": 10, "column": 6 }, "end": { "line": 10, "column": 31 } }]
      },
      "2": {
        "type": "branch",
        "line": 10,
        "loc": { "start": { "line": 10, "column": 31 }, "end": { "line": 12, "column": 3 } },
        "locations": [{ "start": { "line": 10, "column": 31 }, "end": { "line": 12, "column": 3 } }]
      },
      "3": {
        "type": "branch",
        "line": 12,
        "loc": { "start": { "line": 12, "column": 2 }, "end": { "line": 37, "column": 2 } },
        "locations": [{ "start": { "line": 12, "column": 2 }, "end": { "line": 37, "column": 2 } }]
      },
      "4": {
        "type": "branch",
        "line": 31,
        "loc": { "start": { "line": 31, "column": 29 }, "end": { "line": 32, "column": 53 } },
        "locations": [
          { "start": { "line": 31, "column": 29 }, "end": { "line": 32, "column": 53 } }
        ]
      }
    },
    "b": { "0": [13], "1": [12], "2": [1], "3": [12], "4": [13] },
    "fnMap": {
      "0": {
        "name": "CheckListBuilderPage",
        "decl": { "start": { "line": 5, "column": 36 }, "end": { "line": 37, "column": 2 } },
        "loc": { "start": { "line": 5, "column": 36 }, "end": { "line": 37, "column": 2 } },
        "line": 5
      }
    },
    "f": { "0": 13 }
  },
  "/Users/lloyd/Desktop/dev/travel-buddy/src/utils/checklist-api.ts": {
    "path": "/Users/lloyd/Desktop/dev/travel-buddy/src/utils/checklist-api.ts",
    "all": false,
    "statementMap": {
      "0": { "start": { "line": 1, "column": 0 }, "end": { "line": 1, "column": 26 } },
      "3": { "start": { "line": 4, "column": 0 }, "end": { "line": 4, "column": 72 } },
      "5": { "start": { "line": 6, "column": 0 }, "end": { "line": 6, "column": 73 } },
      "6": { "start": { "line": 7, "column": 0 }, "end": { "line": 7, "column": 7 } },
      "7": { "start": { "line": 8, "column": 0 }, "end": { "line": 8, "column": 68 } },
      "8": { "start": { "line": 9, "column": 0 }, "end": { "line": 9, "column": 34 } },
      "9": { "start": { "line": 10, "column": 0 }, "end": { "line": 10, "column": 27 } },
      "10": { "start": { "line": 11, "column": 0 }, "end": { "line": 11, "column": 12 } },
      "11": { "start": { "line": 12, "column": 0 }, "end": { "line": 12, "column": 67 } },
      "12": { "start": { "line": 13, "column": 0 }, "end": { "line": 13, "column": 60 } },
      "13": { "start": { "line": 14, "column": 0 }, "end": { "line": 14, "column": 5 } },
      "14": { "start": { "line": 15, "column": 0 }, "end": { "line": 15, "column": 19 } },
      "15": { "start": { "line": 16, "column": 0 }, "end": { "line": 16, "column": 54 } },
      "16": { "start": { "line": 17, "column": 0 }, "end": { "line": 17, "column": 58 } },
      "17": { "start": { "line": 18, "column": 0 }, "end": { "line": 18, "column": 3 } },
      "18": { "start": { "line": 19, "column": 0 }, "end": { "line": 19, "column": 2 } },
      "20": { "start": { "line": 21, "column": 0 }, "end": { "line": 21, "column": 55 } },
      "21": { "start": { "line": 22, "column": 0 }, "end": { "line": 22, "column": 41 } },
      "22": { "start": { "line": 23, "column": 0 }, "end": { "line": 23, "column": 20 } },
      "23": { "start": { "line": 24, "column": 0 }, "end": { "line": 24, "column": 5 } },
      "24": { "start": { "line": 25, "column": 0 }, "end": { "line": 25, "column": 2 } }
    },
    "s": {
      "0": 1,
      "3": 1,
      "5": 1,
      "6": 0,
      "7": 0,
      "8": 0,
      "9": 0,
      "10": 0,
      "11": 0,
      "12": 0,
      "13": 0,
      "14": 0,
      "15": 0,
      "16": 0,
      "17": 0,
      "18": 0,
      "20": 1,
      "21": 0,
      "22": 0,
      "23": 0,
      "24": 0
    },
    "branchMap": {},
    "b": {},
    "fnMap": {
      "0": {
        "name": "getCheckList",
        "decl": { "start": { "line": 6, "column": 28 }, "end": { "line": 19, "column": 2 } },
        "loc": { "start": { "line": 6, "column": 28 }, "end": { "line": 19, "column": 2 } },
        "line": 6
      },
      "1": {
        "name": "addNewItem",
        "decl": { "start": { "line": 21, "column": 26 }, "end": { "line": 25, "column": 2 } },
        "loc": { "start": { "line": 21, "column": 26 }, "end": { "line": 25, "column": 2 } },
        "line": 21
      }
    },
    "f": { "0": 0, "1": 0 }
  }
}
